<?xml version="1.0" encoding="UTF-8"?>
<!-- Generated by org.testng.reporters.JUnitXMLReporter -->
<testsuite ignored="0" hostname="SHRUTIP01" failures="1" tests="5" name="chrometest" time="49.923" errors="0" timestamp="2025-07-29T09:31:01 IST">
  <testcase classname="testCases.TC003_DataDriven" name="verifyloginDDT" time="19.372"/>
  <testcase classname="testCases.TC003_DataDriven" name="verifyloginDDT" time="0.469"/>
  <testcase classname="testCases.TC003_DataDriven" name="verifyloginDDT" time="0.258"/>
  <testcase classname="testCases.TC003_DataDriven" name="verifyloginDDT" time="0.244"/>
  <testcase classname="testCases.TC003_DataDriven" name="verifyloginDDT" time="10.315">
    <failure type="java.lang.AssertionError" message="null">
      <![CDATA[java.lang.AssertionError: null
at testCases.TC003_DataDriven.verifyloginDDT(TC003_DataDriven.java:61)
at java.base/java.util.ArrayList.forEach(ArrayList.java:1511)
... Removed 29 stack frames]]>
    </failure>
  </testcase> <!-- verifyloginDDT -->
</testsuite> <!-- chrometest -->
